<?xml version="1.0" encoding="UTF-8"?>
<!-- Generated by org.testng.reporters.JUnitReportReporter -->
<testsuite hostname="Pc-27" failures="0" tests="7" name="demo.HomePageTest" time="331.868" errors="0" timestamp="2022-09-15T22:20:37 IST" skipped="0">
  <testcase classname="demo.HomePageTest" name="verifyFlipcartHomePage" time="43.232"/>
  <system-out/>
  <testcase classname="demo.HomePageTest" name="verifyUserName" time="58.546"/>
  <system-out/>
  <testcase classname="demo.HomePageTest" name="verifyProdCatagories" time="57.415"/>
  <system-out/>
  <testcase classname="demo.HomePageTest" name="verifySearchFunctionality" time="37.171"/>
  <system-out/>
  <testcase classname="demo.HomePageTest" name="verifyProductClickableOrNot" time="35.964"/>
  <system-out/>
  <testcase classname="demo.HomePageTest" name="productSpecificationPageTest" time="38.961"/>
  <system-out/>
  <testcase classname="demo.HomePageTest" name="logout" time="60.579"/>
  <system-out/>
</testsuite> <!-- demo.HomePageTest -->
