<?xml version="1.0" encoding="UTF-8"?>
<!-- Generated by org.testng.reporters.JUnitReportReporter -->
<testsuite hostname="Pc-27" failures="0" tests="1" name="playground.Tests" time="16.075" errors="0" timestamp="2022-09-04T14:26:56 IST" skipped="0">
  <testcase classname="playground.Tests" name="sampleTest" time="16.075"/>
  <system-out/>
</testsuite> <!-- playground.Tests -->
