<?xml version="1.0" encoding="UTF-8"?>
<!-- Generated by org.testng.reporters.JUnitReportReporter -->
<testsuite hostname="Pc-27" failures="0" tests="1" name="demo.SearchPageTest" time="16.046" errors="0" timestamp="2022-09-15T23:35:43 IST" skipped="0">
  <testcase classname="demo.SearchPageTest" name="verifyFilterOptionsTest" time="16.046"/>
  <system-out/>
</testsuite> <!-- demo.SearchPageTest -->
