<?xml version="1.0" encoding="UTF-8"?>
<!-- Generated by org.testng.reporters.JUnitReportReporter -->
<testsuite hostname="Pc-27" failures="0" tests="1" name="demo.FirstSamplePageTest" time="9.847" errors="0" timestamp="2022-07-26T20:41:37 IST" skipped="0">
  <testcase classname="demo.FirstSamplePageTest" name="googlePageTest" time="9.847"/>
  <system-out/>
</testsuite> <!-- demo.FirstSamplePageTest -->
