<?xml version="1.0" encoding="UTF-8"?>
<!-- Generated by org.testng.reporters.JUnitReportReporter -->
<testsuite hostname="Pc-27" failures="0" tests="6" name="demo.LoginFunctionalityTest" time="12.615" errors="0" timestamp="2022-09-25T15:03:52 IST" skipped="0">
  <testcase classname="demo.LoginFunctionalityTest" name="loginWithValidCreds" time="8.890"/>
  <system-out/>
  <testcase classname="demo.LoginFunctionalityTest" name="loginWithValidMailInvalidPass" time="1.710"/>
  <system-out/>
  <testcase classname="demo.LoginFunctionalityTest" name="loginWithInvalidMailValidPass" time="0.511"/>
  <system-out/>
  <testcase classname="demo.LoginFunctionalityTest" name="loginWithEmptyMailEmptyPass" time="0.482"/>
  <system-out/>
  <testcase classname="demo.LoginFunctionalityTest" name="loginWithEmptyMailValidPass" time="0.514"/>
  <system-out/>
  <testcase classname="demo.LoginFunctionalityTest" name="loginWithValidMailEmptyPass" time="0.508"/>
  <system-out/>
</testsuite> <!-- demo.LoginFunctionalityTest -->
