<?xml version="1.0" encoding="UTF-8"?>
<!-- Generated by org.testng.reporters.JUnitReportReporter -->
<testsuite hostname="Pc-27" failures="0" tests="6" name="demo.LoginFunctionalityTest" time="237.634" errors="0" timestamp="2022-09-15T21:39:19 IST" skipped="0">
  <testcase classname="demo.LoginFunctionalityTest" name="loginWithValidCreds" time="37.167"/>
  <system-out/>
  <testcase classname="demo.LoginFunctionalityTest" name="loginWithValidMailInvalidPass" time="38.390"/>
  <system-out/>
  <testcase classname="demo.LoginFunctionalityTest" name="loginWithInvalidMailValidPass" time="25.200"/>
  <system-out/>
  <testcase classname="demo.LoginFunctionalityTest" name="loginWithEmptyMailEmptyPass" time="45.787"/>
  <system-out/>
  <testcase classname="demo.LoginFunctionalityTest" name="loginWithEmptyMailValidPass" time="38.848"/>
  <system-out/>
  <testcase classname="demo.LoginFunctionalityTest" name="loginWithValidMailEmptyPass" time="52.242"/>
  <system-out/>
</testsuite> <!-- demo.LoginFunctionalityTest -->
