<?xml version="1.0" encoding="UTF-8"?>
<!-- Generated by org.testng.reporters.JUnitReportReporter -->
<testsuite hostname="Pc-27" failures="0" tests="1" name="demo.SearchPageTest" time="47.175" errors="0" timestamp="2022-09-06T13:34:07 IST" skipped="0">
  <testcase classname="demo.SearchPageTest" name="navigationOptionsTest" time="47.175"/>
  <system-out/>
</testsuite> <!-- demo.SearchPageTest -->
