<?xml version="1.0" encoding="UTF-8"?>
<!-- Generated by org.testng.reporters.JUnitReportReporter -->
<testsuite hostname="Pc-27" failures="0" tests="1" name="demo.ProductDetailsPageTest" time="42.505" errors="0" timestamp="2022-09-23T20:35:21 IST" skipped="0">
  <testcase classname="demo.ProductDetailsPageTest" name="verifyProductImagePresence" time="42.505"/>
  <system-out/>
</testsuite> <!-- demo.ProductDetailsPageTest -->
