<?xml version="1.0" encoding="UTF-8"?>
<!-- Generated by org.testng.reporters.JUnitReportReporter -->
<testsuite hostname="Pc-27" failures="0" tests="1" name="playground.Tests" time="32.398" errors="0" timestamp="2022-08-26T20:22:03 IST" skipped="0">
  <testcase classname="playground.Tests" name="sampleTest" time="32.398"/>
  <system-out/>
</testsuite> <!-- playground.Tests -->
