<?xml version="1.0" encoding="UTF-8"?>
<!-- Generated by org.testng.reporters.JUnitReportReporter -->
<testsuite hostname="Pc-27" failures="0" tests="6" name="demo.LoginFunctionalityTest" time="55.477" errors="0" timestamp="2022-08-28T14:52:11 IST" skipped="0">
  <testcase classname="demo.LoginFunctionalityTest" name="loginWithValidCreds" time="13.676"/>
  <system-out/>
  <testcase classname="demo.LoginFunctionalityTest" name="loginWithValidMailInvalidPass" time="10.271"/>
  <system-out/>
  <testcase classname="demo.LoginFunctionalityTest" name="loginWithInvalidMailValidPass" time="8.639"/>
  <system-out/>
  <testcase classname="demo.LoginFunctionalityTest" name="loginWithEmptyMailEmptyPass" time="8.228"/>
  <system-out/>
  <testcase classname="demo.LoginFunctionalityTest" name="loginWithEmptyMailValidPass" time="7.082"/>
  <system-out/>
  <testcase classname="demo.LoginFunctionalityTest" name="loginWithValidMailEmptyPass" time="7.581"/>
  <system-out/>
</testsuite> <!-- demo.LoginFunctionalityTest -->
