<?xml version="1.0" encoding="UTF-8"?>
<!-- Generated by org.testng.reporters.JUnitReportReporter -->
<testsuite hostname="Pc-27" failures="0" tests="1" name="demo.ProductDetailsPageTest" time="46.772" errors="0" timestamp="2022-09-06T20:48:27 IST" skipped="0">
  <testcase classname="demo.ProductDetailsPageTest" name="productPricePresence" time="46.772"/>
  <system-out/>
</testsuite> <!-- demo.ProductDetailsPageTest -->
