<?xml version="1.0" encoding="UTF-8"?>
<!-- Generated by org.testng.reporters.JUnitReportReporter -->
<testsuite hostname="Pc-27" failures="0" tests="1" name="demo.HomePageTest" time="6.017" errors="0" timestamp="2022-09-25T14:30:41 IST" skipped="0">
  <testcase classname="demo.HomePageTest" name="verifyUserName" time="6.017"/>
  <system-out/>
</testsuite> <!-- demo.HomePageTest -->
