<?xml version="1.0" encoding="UTF-8"?>
<!-- Generated by org.testng.reporters.JUnitReportReporter -->
<testsuite hostname="Pc-27" failures="0" tests="1" name="demo.SearchPageTest" time="74.887" errors="0" timestamp="2022-08-31T17:41:59 IST" skipped="0">
  <testcase classname="demo.SearchPageTest" name="verifyFilterOptionsTest" time="74.887"/>
  <system-out/>
</testsuite> <!-- demo.SearchPageTest -->
