<?xml version="1.0" encoding="UTF-8"?>
<!-- Generated by org.testng.reporters.JUnitReportReporter -->
<testsuite hostname="Pc-27" failures="0" tests="6" name="demo.ProductDetailsPageTest" time="54.133" errors="0" timestamp="2022-09-25T13:52:40 IST" skipped="0">
  <testcase classname="demo.ProductDetailsPageTest" name="verifyProductImagePresence" time="11.917"/>
  <system-out/>
  <testcase classname="demo.ProductDetailsPageTest" name="productPricePresence" time="6.935"/>
  <system-out/>
  <testcase classname="demo.ProductDetailsPageTest" name="productSpecificationPresence" time="9.027"/>
  <system-out/>
  <testcase classname="demo.ProductDetailsPageTest" name="prouctRatingsPresence" time="7.903"/>
  <system-out/>
  <testcase classname="demo.ProductDetailsPageTest" name="wishListOptionPresence" time="9.152"/>
  <system-out/>
  <testcase classname="demo.ProductDetailsPageTest" name="addToCartAndBuyNowButtons" time="9.199"/>
  <system-out/>
</testsuite> <!-- demo.ProductDetailsPageTest -->
