<?xml version="1.0" encoding="UTF-8"?>
<!-- Generated by org.testng.reporters.JUnitReportReporter -->
<testsuite hostname="Pc-27" failures="0" tests="1" name="demo.ProductDetailsPageTest" time="24.911" errors="0" timestamp="2022-09-15T23:59:07 IST" skipped="0">
  <testcase classname="demo.ProductDetailsPageTest" name="productPricePresence" time="24.911"/>
  <system-out/>
</testsuite> <!-- demo.ProductDetailsPageTest -->
