<?xml version="1.0" encoding="UTF-8"?>
<!-- Generated by org.testng.reporters.JUnitReportReporter -->
<testsuite hostname="Pc-27" failures="0" tests="4" name="demo.SearchPageTest" time="14.663" errors="0" timestamp="2022-09-25T13:44:53 IST" skipped="0">
  <testcase classname="demo.SearchPageTest" name="verifyFilterOptionsTest" time="4.143"/>
  <system-out/>
  <testcase classname="demo.SearchPageTest" name="verifySortingOptionsTest" time="4.106"/>
  <system-out/>
  <testcase classname="demo.SearchPageTest" name="numOfProductsOnOnePage" time="2.863"/>
  <system-out/>
  <testcase classname="demo.SearchPageTest" name="navigationOptionsTest" time="3.551"/>
  <system-out/>
</testsuite> <!-- demo.SearchPageTest -->
