<?xml version="1.0" encoding="UTF-8"?>
<!-- Generated by org.testng.reporters.JUnitReportReporter -->
<testsuite hostname="Pc-27" failures="0" tests="1" name="demo.HomePageTest" time="18.344" errors="0" timestamp="2022-08-30T13:55:43 IST" skipped="0">
  <testcase classname="demo.HomePageTest" name="verifySearchFunctionality" time="18.344"/>
  <system-out/>
</testsuite> <!-- demo.HomePageTest -->
