<?xml version="1.0" encoding="UTF-8"?>
<!-- Generated by org.testng.reporters.JUnitReportReporter -->
<testsuite hostname="Pc-27" failures="0" tests="1" name="playground.CaptureScrnShotStandAloneTest" time="0.022" errors="0" timestamp="2022-08-15T20:42:11 IST" skipped="0">
  <testcase classname="playground.CaptureScrnShotStandAloneTest" name="str" time="0.022"/>
  <system-out/>
</testsuite> <!-- playground.CaptureScrnShotStandAloneTest -->
